<?xml version="1.0" encoding="UTF-8"?>
<!-- Generated by org.testng.reporters.JUnitReportReporter -->
<testsuite hostname="KimiAgarwal" name="com.DOTMobileAutomation.testcase.Login_Arabic" tests="1" failures="0" timestamp="17 May 2017 07:56:59 GMT" time="44.253" errors="0">
  <testcase name="login_Arabic" time="44.253" classname="com.DOTMobileAutomation.testcase.Login_Arabic"/>
</testsuite> <!-- com.DOTMobileAutomation.testcase.Login_Arabic -->
