<?xml version="1.0" encoding="UTF-8"?>
<!-- Generated by org.testng.reporters.JUnitReportReporter -->
<testsuite hostname="KimiAgarwal" name="com.DOTMobileAutomation.test.Login_Arabic" tests="1" failures="0" timestamp="17 May 2017 07:36:58 GMT" time="42.522" errors="0">
  <testcase name="login_Arabic" time="42.522" classname="com.DOTMobileAutomation.test.Login_Arabic"/>
</testsuite> <!-- com.DOTMobileAutomation.test.Login_Arabic -->
