<?xml version="1.0" encoding="UTF-8"?>
<!-- Generated by org.testng.reporters.JUnitReportReporter -->
<testsuite hostname="KimiAgarwal" name="com.DOTMobileAutomation.test.NewTest" tests="1" failures="0" timestamp="15 May 2017 08:40:29 GMT" time="43.939" errors="0">
  <testcase name="f" time="43.939" classname="com.DOTMobileAutomation.test.NewTest"/>
</testsuite> <!-- com.DOTMobileAutomation.test.NewTest -->
