<?xml version="1.0" encoding="UTF-8"?>
<!-- Generated by org.testng.reporters.JUnitReportReporter -->
<testsuite hostname="KimiAgarwal" name="com.DOTMobileAutomation.test.Login_English" tests="1" failures="0" timestamp="17 May 2017 07:36:58 GMT" time="45.643" errors="0">
  <testcase name="login_English" time="45.643" classname="com.DOTMobileAutomation.test.Login_English"/>
</testsuite> <!-- com.DOTMobileAutomation.test.Login_English -->
